<?xml version="1.0" encoding="UTF-8" ?>
<testsuite errors="0" failures="0" hostname="shan" name="com.app.Accounts.Testing.AllTests" skipped="0" tests="21" time="0.068" timestamp="2018-03-30T17:26:36">
  <properties>
[...]
</properties>
  <testcase classname="com.app.Accounts.Testing.AccountTesting" name="setterTestCase" time="0.002" />
  <testcase classname="com.app.Accounts.Testing.AccountTesting" name="accountInfoTestCase" time="0.0" />
  <testcase classname="com.app.Accounts.Testing.AccountTesting" name="setterTestCase2" time="0.0" />
  <testcase classname="com.app.Accounts.Testing.AccountTesting" name="depositeTestCase2" time="0.001" />
  <testcase classname="com.app.Accounts.Testing.AccountTesting" name="depositeTestCase3" time="0.0" />
  <testcase classname="com.app.Accounts.Testing.AccountTesting" name="getterTestCase" time="0.0" />
  <testcase classname="com.app.Accounts.Testing.AccountTesting" name="accountInfoTestCase2" time="0.0" />
  <testcase classname="com.app.Accounts.Testing.AccountTesting" name="withdrawTestCase2" time="0.0" />
  <testcase classname="com.app.Accounts.Testing.AccountTesting" name="withdrawTestCase3" time="0.001" />
  <testcase classname="com.app.Accounts.Testing.AccountTesting" name="withdrawTestCase4" time="0.001" />
  <testcase classname="com.app.Accounts.Testing.AccountTesting" name="depositeTestCase" time="0.0" />
  <testcase classname="com.app.Accounts.Testing.AccountTesting" name="withdrawTestCase" time="0.0" />
  <testcase classname="com.app.Accounts.Testing.BasicAccountTesting" name="withdrawTestCase2" time="0.001" />
  <testcase classname="com.app.Accounts.Testing.BasicAccountTesting" name="withdrawTestCase3" time="0.0" />
  <testcase classname="com.app.Accounts.Testing.BasicAccountTesting" name="withdrawTestCase" time="0.0" />
  <testcase classname="com.app.Accounts.Testing.CurrentAccountTesting" name="withdrawTestCase2" time="0.001" />
  <testcase classname="com.app.Accounts.Testing.CurrentAccountTesting" name="withdrawTestCase3" time="0.0" />
  <testcase classname="com.app.Accounts.Testing.CurrentAccountTesting" name="withdrawTestCase" time="0.001" />
  <testcase classname="com.app.Accounts.Testing.SavingAccountTesting" name="withdrawTestCase2" time="0.002" />
  <testcase classname="com.app.Accounts.Testing.SavingAccountTesting" name="withdrawTestCase3" time="0.001" />
  <testcase classname="com.app.Accounts.Testing.SavingAccountTesting" name="withdrawTestCase" time="0.0" />
  <system-out><![CDATA[Test Passed
Test Passed
Test Passed
Test Passed
Test Passed
Test Passed
Test Passed
Test Passed
Test Passed
Test Passed
Test Passed
Test Passed
Test Passed
Test Passed
Test Passed
Test Passed
Test Passed
Test Passed
Test Passed
Test Passed
Test Passed
]]></system-out>
  <system-err><![CDATA[]]></system-err>
</testsuite>
